{
"contracts/Donations.sol":{"l":{"17":17,"18":12,"19":12,"20":12,"22":5,"24":17,"28":1,"32":1,"36":3},"path":"/Users/kirill/Desktop/donations-test/contracts/Donations.sol","s":{"1":17,"2":12,"3":12,"4":12,"5":5,"6":17,"7":1,"8":1,"9":3},"b":{"1":[12,5]},"f":{"1":17,"2":1,"3":1,"4":3},"fnMap":{"1":{"name":"donate","line":16,"loc":{"start":{"line":16,"column":2},"end":{"line":25,"column":2}}},"2":{"name":"withdraw","line":27,"loc":{"start":{"line":27,"column":2},"end":{"line":29,"column":2}}},"3":{"name":"getDonaters","line":31,"loc":{"start":{"line":31,"column":2},"end":{"line":33,"column":2}}},"4":{"name":"getDonaterAmount","line":35,"loc":{"start":{"line":35,"column":2},"end":{"line":37,"column":2}}}},"statementMap":{"1":{"start":{"line":17,"column":4},"end":{"line":17,"column":383}},"2":{"start":{"line":18,"column":6},"end":{"line":18,"column":45}},"3":{"start":{"line":19,"column":6},"end":{"line":19,"column":40}},"4":{"start":{"line":20,"column":6},"end":{"line":20,"column":37}},"5":{"start":{"line":22,"column":6},"end":{"line":22,"column":45}},"6":{"start":{"line":24,"column":4},"end":{"line":24,"column":38}},"7":{"start":{"line":28,"column":4},"end":{"line":28,"column":38}},"8":{"start":{"line":32,"column":4},"end":{"line":32,"column":26}},"9":{"start":{"line":36,"column":4},"end":{"line":36,"column":33}}},"branchMap":{"1":{"line":17,"type":"if","locations":[{"start":{"line":17,"column":4},"end":{"line":17,"column":4}},{"start":{"line":17,"column":4},"end":{"line":17,"column":4}}]}}}}
